# JRE version: OpenJDK Runtime Environment Temurin-25.0.2+10 (25.0.2+10) (build 25.0.2+10-LTS)
# Java VM: OpenJDK 64-Bit Server VM Temurin-25.0.2+10 (25.0.2+10-LTS, mixed mode, sharing, tiered, compressed oops, compressed class ptrs, g1 gc, windows-amd64)
GC Precious Log:
 CardTable entry size: 512
 Card Set container configuration: InlinePtr #cards 4 size 8 Array Of Cards #cards 16 size 48 Howl #buckets 8 coarsen threshold 3686 Howl Bitmap #cards 512 size 80 coarsen threshold 460 Card regions per heap region 1 cards per card region 4096
 CPUs: 16 total, 16 available
 Memory: 16091M
 Large Page Support: Disabled
 NUMA Support: Disabled
 Compressed Oops: Enabled (Zero based)
 Heap Region Size: 2M
 Heap Min Capacity: 8M
 Heap Initial Capacity: 8M
 Heap Max Capacity: 4024M
 Pre-touch: Disabled
 Parallel Workers: 13
 Concurrent Workers: 3
 Concurrent Refinement Workers: 13
 Periodic GC: Disabled
Heap:
 garbage-first heap   total reserved 4120576K, committed 10240K, used 6193K [0x0000000704800000, 0x0000000800000000)
  region size 2048K, 2 young (4096K), 1 survivors (2048K)
GC Heap Usage History (10 events):
Event: 0.346 {heap Before GC invocations=0 (full 0):
 garbage-first heap   total reserved 4120576K, committed 10240K, used 5267K [0x0000000704800000, 0x0000000800000000)
  region size 2048K, 2 young (4096K), 0 survivors (0K)
}
Event: 0.349 {heap After GC invocations=1 (full 0):
 garbage-first heap   total reserved 4120576K, committed 10240K, used 2419K [0x0000000704800000, 0x0000000800000000)
  region size 2048K, 1 young (2048K), 1 survivors (2048K)
}
Event: 0.433 {heap Before GC invocations=1 (full 0):
 garbage-first heap   total reserved 4120576K, committed 10240K, used 4467K [0x0000000704800000, 0x0000000800000000)
  region size 2048K, 2 young (4096K), 1 survivors (2048K)
}
Event: 0.436 {heap After GC invocations=2 (full 0):
 garbage-first heap   total reserved 4120576K, committed 10240K, used 2670K [0x0000000704800000, 0x0000000800000000)
  region size 2048K, 1 young (2048K), 1 survivors (2048K)
}
Event: 0.543 {heap Before GC invocations=2 (full 0):
 garbage-first heap   total reserved 4120576K, committed 10240K, used 4718K [0x0000000704800000, 0x0000000800000000)
  region size 2048K, 2 young (4096K), 1 survivors (2048K)
}
Event: 0.546 {heap After GC invocations=3 (full 0):
 garbage-first heap   total reserved 4120576K, committed 10240K, used 3220K [0x0000000704800000, 0x0000000800000000)
  region size 2048K, 1 young (2048K), 1 survivors (2048K)
}
Event: 0.587 {heap Before GC invocations=3 (full 0):
 garbage-first heap   total reserved 4120576K, committed 10240K, used 5268K [0x0000000704800000, 0x0000000800000000)
  region size 2048K, 2 young (4096K), 1 survivors (2048K)
}
Event: 0.589 {heap After GC invocations=4 (full 0):
 garbage-first heap   total reserved 4120576K, committed 10240K, used 3724K [0x0000000704800000, 0x0000000800000000)
  region size 2048K, 1 young (2048K), 1 survivors (2048K)
}
Event: 0.620 {heap Before GC invocations=5 (full 0):
 garbage-first heap   total reserved 4120576K, committed 10240K, used 5772K [0x0000000704800000, 0x0000000800000000)
  region size 2048K, 2 young (4096K), 1 survivors (2048K)
}
Event: 0.623 {heap After GC invocations=6 (full 0):
 garbage-first heap   total reserved 4120576K, committed 10240K, used 4145K [0x0000000704800000, 0x0000000800000000)
  region size 2048K, 1 young (2048K), 1 survivors (2048K)
}

